 198 2717 A
 171 2566 A
 166 2830 A
 158 2715 A
 154 2029 A
 148 2765 A
 147 2722 A
 145 2676 A
 144 2562 A
 143 2028 A
 142 2811 A
 142 2677 A
 141 2316 A
 140 2678 A
 140 2150 A
 139 2645 A
 139 2561 A
 138 2580 A
 136 2269 A
 134 2868 A
 134 2296 A
 131 2690 A
 128 2694 A
 128 2662 A
 127 2579 A
 127 2152 A
 125 2871 A
 125 2674 A
 124 2675 A
 124 2295 A
 123 2922 A
 123 2689 A
 123 2301 A
 122 2809 A
 121 2275 A
 120 2170 A
 119 2718 A
 119 2307 A
 118 2874 A
 118 2229 A
 118 2021 A
 117 2867 A
 115 2664 A
 114 2560 A
 112 2667 A
 112 2564 A
 111 2693 A
 111 2254 A
 110 2766 A
 110 2097 A
 110 2020 A
 109 2716 A
 109 2700 A
 108 2666 A
 108 2120 A
 107 2259 A
 106 2285 A
 105 2563 A
 105 2197 A
 105 2027 A
 104 2737 A
 104 2525 A
 104 2025 A
 103 2833 A
 103 2738 A
 103 2565 A
 103 2554 A
 102 2334 A
 101 2074 A
 100 2870 A
 100 2808 A
 100 2577 A
 100 2278 A
  99 2958 A
  99 2853 A
  99 2601 A
  99 2529 A
  99 2298 A
  98 2794 A
  98 2312 A
  98 2195 A
  97 2960 A
