 198 2717 A
 172 4811 A
 171 2566 A
 166 2830 A
 164 97 A
 164 868 A
 162 29 A
 160 4723 A
 159 96 A
 158 4722 A
 158 2715 A
 157 833 A
 154 2029 A
 153 4301 A
 151 301 A
 149 4700 A
 148 2765 A
 147 2722 A
 146 95 A
 146 4580 A
 145 2676 A
 144 765 A
 144 2562 A
 143 4579 A
 143 2028 A
 142 811 A
 142 2811 A
 142 2677 A
 141 2316 A
 140 2678 A
 140 2150 A
 139 28 A
 139 2645 A
 139 2561 A
 138 2580 A
 138 120 A
 136 2269 A
 135 4689 A
 135 4316 A
 134 2868 A
 134 2296 A
 133 722 A
 131 74 A
 131 4919 A
 131 4693 A
 131 2690 A
 130 4095 A
 129 98 A
 129 869 A
 129 4833 A
 129 4765 A
 128 507 A
 128 4226 A
 128 2694 A
 128 2662 A
 127 664 A
 127 4725 A
 127 2579 A
 127 2152 A
 126 4692 A
 125 4074 A
 125 4029 A
 125 2871 A
 125 2674 A
 124 4993 A
 124 2675 A
 124 2295 A
 124 150 A
 123 645 A
 123 566 A
 123 4918 A
 123 2922 A
 123 2689 A
 123 2301 A
 122 919 A
 122 4031 A
 122 2809 A
 122 27 A
 121 678 A
 121 660 A
 121 4640 A
 121 2275 A
 120 693 A
 120 304 A
 120 255 A
 120 2170 A
 119 715 A
 119 2718 A
 119 2307 A
 118 867 A
 118 717 A
 118 700 A
 118 662 A
 118 4802 A
 118 307 A
 118 2874 A
 118 2229 A
 118 2021 A
 117 4834 A
 117 4170 A
 117 2867 A
 116 308 A
 116 226 A
 115 958 A
 115 802 A
 115 690 A
 115 4882 A
 115 4690 A
 115 316 A
 115 31 A
 115 2664 A
 114 579 A
 114 4073 A
 114 270 A
 114 2560 A
 114 254 A
 114 153 A
 113 4808 A
 113 229 A
 112 872 A
 112 689 A
 112 461 A
 112 2667 A
 112 2564 A
 111 790 A
 111 694 A
 111 4864 A
 111 4806 A
 111 4518 A
 111 4315 A
 111 2693 A
 111 269 A
 111 2254 A
 110 832 A
 110 723 A
 110 640 A
 110 561 A
 110 4790 A
 110 4028 A
 110 2766 A
 110 2097 A
 110 2020 A
 110 152 A
 109 502 A
 109 4586 A
 109 318 A
 109 2716 A
 109 2700 A
 109 20 A
 108 4920 A
 108 4788 A
 108 4699 A
 108 2666 A
 108 2120 A
 107 882 A
 107 871 A
 107 601 A
 107 4298 A
 107 2259 A
 107 194 A
 106 4308 A
 106 4229 A
 106 2285 A
 106 223 A
 105 4696 A
 105 2563 A
 105 2197 A
 105 2027 A
 104 830 A
 104 2737 A
 104 2525 A
 104 2025 A
 104 1039 A
 103 836 A
 103 710 A
 103 4688 A
 103 4254 A
 103 423 A
 103 4076 A
 103 2833 A
 103 2738 A
 103 2565 A
 103 2554 A
 103 225 A
 103 151 A
 102 649 A
 102 4875 A
 102 4525 A
 102 25 A
 102 2334 A
 101 99 A
 101 714 A
 101 4914 A
 101 4835 A
 101 4703 A
 101 4662 A
 101 460 A
 101 4307 A
 101 4020 A
 101 253 A
 101 2074 A
 100 918 A
 100 560 A
 100 509 A
 100 4017 A
 100 2870 A
 100 2808 A
 100 2577 A
 100 2278 A
 100 195 A
  99 4735 A
  99 4660 A
  99 4641 A
  99 4318 A
  99 4124 A
  99 298 A
  99 2958 A
  99 2853 A
  99 2601 A
  99 2529 A
  99 2298 A
  99 197 A
  98 835 A
  98 4377 A
  98 377 A
  98 338 A
  98 315 A
  98 2794 A
  98 2312 A
  98 2195 A
  97 794 A
  97 738 A
  97 525 A
  97 4809 A
  97 4784 A
  97 4710 A
  97 4311 A
  97 2960 A
  97 2797 A
  97 2795 A
  97 2669 A
  97 2507 A
  97 2297 A
  97 2280 A
  97 1041 A
  96 966 A
  96 677 A
  96 657 A
  96 4296 A
  96 4055 A
  96 2699 A
  96 241 A
  96 2253 A
  96 2196 A
  96 2161 A
  95 699 A
  95 692 A
  95 580 A
  95 4319 A
  95 4208 A
  95 2314 A
  95 2168 A
  95 2095 A
  94 784 A
  94 735 A
  94 4021 A
  94 2790 A
  94 2739 A
  94 2270 A
  94 21 A
  93 703 A
  93 4805 A
  93 4512 A
  93 334 A
  93 2914 A
  93 2788 A
  93 2703 A
  93 2596 A
  93 243 A
  92 922 A
  92 870 A
  92 809 A
  92 707 A
  92 565 A
  92 499 A
  92 4868 A
  92 4724 A
  92 468 A
  92 4508 A
  92 4297 A
  92 4120 A
  92 2720 A
  92 2578 A
  92 149 A
  91 831 A
  91 808 A
  91 504 A
  91 4921 A
  91 2877 A
  91 24 A
  91 2311 A
  91 2098 A
  91 182 A
  90 806 A
  90 788 A
  90 787 A
  90 675 A
  90 4737 A
  90 4503 A
  90 4075 A
  90 341 A
  90 305 A
  90 30 A
  90 2920 A
  90 2556 A
  90 2552 A
  90 2226 A
  90 2031 A
  89 641 A
  89 529 A
  89 503 A
  89 4707 A
  89 4241 A
  89 4195 A
  89 2806 A
  89 2802 A
  89 2721 A
  89 2547 A
  89 244 A
  89 2149 A
  88 920 A
  88 878 A
  88 853 A
  88 839 A
  88 718 A
  88 656 A
  88 4992 A
  88 4895 A
  88 4733 A
  88 4657 A
  88 4521 A
  88 4312 A
  88 4285 A
  88 4244 A
  88 345 A
  88 2955 A
  88 2845 A
  88 2315 A
  88 230 A
  88 2017 A
  88 191 A
  87 837 A
  87 562 A
  87 501 A
  87 4536 A
  87 4255 A
  87 4197 A
  87 4025 A
  87 2869 A
  87 2338 A
  86 797 A
  86 795 A
  86 505 A
  86 4194 A
  86 4191 A
  86 4150 A
  86 4149 A
  86 2807 A
  86 2341 A
  86 2255 A
  86 2245 A
  86 2147 A
  86 2099 A
  86 2096 A
  85 676 A
  85 5038 A
  85 4645 A
  85 422 A
  85 314 A
  85 2953 A
  85 285 A
  85 2723 A
  85 2710 A
  85 2692 A
  85 2283 A
  85 224 A
  84 962 A
  84 895 A
  84 866 A
  84 716 A
  84 653 A
  84 4807 A
  84 4730 A
  84 4656 A
  84 4581 A
  84 4505 A
  84 4259 A
  84 4225 A
  84 4059 A
  84 319 A
  84 2878 A
  84 2593 A
  84 242 A
  84 2308 A
  84 2194 A
  84 2151 A
  84 145 A
  83 838 A
  83 4879 A
  83 4596 A
  83 4317 A
  83 2882 A
  83 2881 A
  83 284 A
  83 2697 A
  83 2230 A
  83 2171 A
  82 875 A
  82 597 A
  82 518 A
  82 5040 A
  82 4732 A
  82 4691 A
  82 462 A
  82 4008 A
  82 317 A
  82 2810 A
  82 2784 A
  82 2778 A
  82 2592 A
  82 2586 A
  82 252 A
  82 2024 A
  81 800 A
  81 4687 A
  81 4373 A
  81 4338 A
  81 4314 A
  81 4304 A
  81 4253 A
  81 4148 A
  81 4024 A
  81 311 A
  81 2866 A
  81 2714 A
  81 2649 A
  81 2585 A
  81 2550 A
  81 245 A
  81 2160 A
  81 196 A
  80 921 A
  80 914 A
  80 805 A
  80 739 A
  80 711 A
  80 659 A
  80 4994 A
  80 498 A
  80 4867 A
  80 4785 A
  80 4547 A
  80 2805 A
  80 208 A
  80 1040 A
  79 803 A
  79 782 A
  79 764 A
  79 73 A
  79 725 A
  79 724 A
  79 586 A
  79 508 A
  79 5036 A
  79 4991 A
  79 4711 A
  79 4658 A
  79 4634 A
  79 4601 A
  79 4284 A
  79 2873 A
  79 2872 A
  79 2660 A
  79 2439 A
  79 2304 A
  79 2267 A
  79 2244 A
  78 991 A
  78 5039 A
  78 4872 A
  78 4787 A
  78 4694 A
  78 4245 A
  78 4153 A
  78 4101 A
  78 4027 A
  78 2921 A
  78 2673 A
  78 2607 A
  78 2345 A
  78 2322 A
  78 2284 A
  78 2243 A
  78 205 A
  78 2030 A
  77 842 A
  77 798 A
  77 737 A
  77 4874 A
  77 4871 A
  77 459 A
  77 426 A
  77 2959 A
  77 2782 A
  77 2742 A
  77 2740 A
  77 2557 A
  77 2377 A
  77 2309 A
  77 2145 A
  76 969 A
  76 857 A
  76 849 A
  76 650 A
  76 600 A
  76 4823 A
  76 4734 A
  76 4731 A
  76 4653 A
  76 4633 A
  76 4145 A
  76 2688 A
  76 2600 A
  76 2584 A
  76 2518 A
  76 2248 A
  76 2208 A
  76 192 A
  75 845 A
  75 564 A
  75 4649 A
  75 4554 A
  75 4529 A
  75 2919 A
  75 2854 A
  75 2849 A
  75 2783 A
  75 2668 A
  75 2536 A
  75 248 A
  75 2342 A
  75 2300 A
  75 2146 A
  75 2008 A
  75 17 A
  75 13 A
  74 807 A
  74 742 A
  74 4955 A
  74 4818 A
  74 4697 A
  74 4655 A
  74 4295 A
  74 4205 A
  74 4196 A
  74 4171 A
  74 4004 A
  74 373 A
  74 312 A
  74 2910 A
  74 2879 A
  74 2875 A
  74 2798 A
  74 2744 A
  74 2734 A
  74 2540 A
  74 2526 A
  74 2502 A
  74 2335 A
  74 23 A
  74 2013 A
  74 170 A
  73 993 A
  73 885 A
  73 881 A
  73 792 A
  73 732 A
  73 697 A
  73 658 A
  73 655 A
  73 4738 A
  73 4661 A
  73 458 A
  73 4540 A
  73 4334 A
  73 2864 A
  73 2725 A
  73 2633 A
  73 2632 A
  73 2551 A
  73 2521 A
  73 2504 A
  73 2331 A
  73 2252 A
  73 2241 A
  73 148 A
  72 810 A
  72 785 A
  72 734 A
  72 709 A
  72 654 A
  72 638 A
  72 4659 A
  72 4643 A
  72 4592 A
  72 4504 A
  72 4342 A
  72 3030 A
  72 2954 A
  72 283 A
  72 278 A
  72 2588 A
  72 2544 A
  72 2468 A
  72 2432 A
  72 2325 A
  72 1031 A
  71 879 A
  71 874 A
  71 766 A
  71 510 A
  71 4881 A
  71 4782 A
  71 4718 A
  71 465 A
  71 4638 A
  71 4589 A
  71 4353 A
  71 4269 A
  71 4243 A
  71 4192 A
  71 4152 A
  71 4146 A
  71 4013 A
  71 2962 A
  71 2719 A
  71 267 A
  71 2603 A
  71 2503 A
  71 2153 A
  71 146 A
  71 1012 A
  70 783 A
  70 536 A
  70 5001 A
  70 4803 A
  70 4739 A
  70 4600 A
  70 4560 A
  70 37 A
  70 296 A
  70 2832 A
  70 2659 A
  70 2541 A
  70 2459 A
  70 2317 A
  69 886 A
  69 854 A
  69 744 A
  69 691 A
  69 661 A
  69 603 A
  69 4812 A
  69 4522 A
  69 4502 A
  69 4387 A
  69 4302 A
  69 4270 A
  69 363 A
  69 342 A
  69 322 A
  69 2767 A
  69 2691 A
  69 2458 A
  69 2318 A
  69 2268 A
  69 22 A
  69 2191 A
  68 778 A
  68 550 A
  68 547 A
  68 500 A
  68 4997 A
  68 4954 A
  68 4886 A
  68 4885 A
  68 4783 A
  68 4778 A
  68 4708 A
  68 4593 A
  68 437 A
  68 4283 A
  68 300 A
  68 2961 A
  68 2918 A
  68 2895 A
  68 2885 A
  68 2857 A
  68 2835 A
  68 2834 A
  68 2707 A
  68 2558 A
  68 2305 A
  68 124 A
  68 1038 A
  67 864 A
  67 563 A
  67 5035 A
  67 4878 A
  67 4800 A
  67 4798 A
  67 4794 A
  67 4716 A
  67 4650 A
  67 4558 A
  67 4256 A
  67 4230 A
  67 4099 A
  67 2665 A
  67 2658 A
  67 2599 A
  67 2387 A
  67 228 A
  67 2256 A
  67 2210 A
  67 116 A
  66 961 A
  66 708 A
  66 639 A
  66 554 A
  66 5034 A
  66 4588 A
  66 4510 A
  66 4305 A
  66 4058 A
  66 362 A
  66 3012 A
  66 2965 A
  66 2735 A
  66 259 A
  66 256 A
  66 2205 A
  66 2157 A
  66 1037 A
  65 712 A
  65 592 A
  65 581 A
  65 526 A
  65 4742 A
  65 4664 A
  65 4646 A
  65 4552 A
  65 4509 A
  65 4335 A
  65 4258 A
  65 4252 A
  65 425 A
  65 4228 A
  65 4131 A
  65 3031 A
  65 2957 A
  65 2850 A
  65 2708 A
  65 268 A
  65 2321 A
  65 2282 A
  65 227 A
  64 955 A
  64 834 A
  64 8 A
  64 796 A
  64 596 A
  64 552 A
  64 4839 A
  64 4797 A
  64 4764 A
  64 4548 A
  64 4515 A
  64 436 A
  64 4346 A
  64 4121 A
  64 3033 A
  64 2796 A
  64 2785 A
  64 275 A
  64 2711 A
  64 2597 A
  64 2581 A
  64 2501 A
  64 2192 A
  64 2148 A
  63 990 A
  63 604 A
  63 5031 A
  63 4917 A
  63 4766 A
  63 4709 A
  63 4639 A
  63 4636 A
  63 4460 A
  63 4459 A
  63 4280 A
  63 32 A
  63 2852 A
  63 2839 A
  63 2836 A
  63 2787 A
  63 2618 A
  63 2522 A
  63 2386 A
  63 2257 A
  62 858 A
  62 852 A
  62 5037 A
  62 4792 A
  62 4704 A
  62 4686 A
  62 4642 A
  62 4597 A
  62 4350 A
  62 4309 A
  62 4072 A
  62 4063 A
  62 2792 A
  62 2657 A
  62 2555 A
  62 2294 A
  62 2007 A
  62 2001 A
  61 642 A
  61 4550 A
  61 4544 A
  61 440 A
  61 439 A
  61 4339 A
  61 429 A
  61 4257 A
  61 4242 A
  61 424 A
  61 4151 A
  61 4030 A
  61 350 A
  61 346 A
  61 302 A
  61 2696 A
  61 2546 A
  61 2519 A
  61 2436 A
  61 2425 A
  61 2250 A
  61 2228 A
  61 2169 A
  61 147 A
  60 992 A
  60 740 A
  60 730 A
  60 496 A
  60 4857 A
  60 4585 A
  60 4559 A
  60 4551 A
  60 4432 A
  60 4147 A
  60 387 A
  60 3016 A
  60 2803 A
  60 2730 A
  60 2548 A
  60 2543 A
  60 2337 A
  60 2258 A
  60 2187 A
  60 2003 A
  60 1043 A
  59 965 A
  59 850 A
  59 804 A
  59 779 A
  59 538 A
  59 521 A
  59 5033 A
  59 4511 A
  59 4507 A
  59 3032 A
  59 2924 A
  59 2838 A
  59 2800 A
  59 2641 A
  59 258 A
  59 2505 A
  59 2428 A
  59 2263 A
  59 157 A
  59 1035 A
  58 987 A
  58 696 A
  58 544 A
  58 4998 A
  58 4853 A
  58 4822 A
  58 4582 A
  58 4458 A
  58 428 A
  58 4267 A
  58 386 A
  58 280 A
  58 2777 A
  58 2732 A
  58 2724 A
  58 2634 A
  58 2589 A
  58 257 A
  58 2515 A
  58 2352 A
  58 2349 A
  58 2164 A
  58 2023 A
  57 984 A
  57 855 A
  57 688 A
  57 589 A
  57 533 A
  57 4910 A
  57 4714 A
  57 4566 A
  57 4282 A
  57 427 A
  57 4263 A
  57 4248 A
  57 4202 A
  57 282 A
  57 2640 A
  57 2623 A
  57 251 A
  57 2123 A
  56 956 A
  56 633 A
  56 55 A
  56 4962 A
  56 4740 A
  56 4436 A
  56 4349 A
  56 4268 A
  56 4227 A
  56 339 A
  56 2893 A
  56 2705 A
  56 2650 A
  56 2638 A
  56 2530 A
  56 2509 A
  56 239 A
  56 1033 A
  55 951 A
  55 636 A
  55 541 A
  55 512 A
  55 495 A
  55 4820 A
  55 4745 A
  55 4728 A
  55 4712 A
  55 4635 A
  55 4555 A
  55 4526 A
  55 4331 A
  55 432 A
  55 4003 A
  55 38 A
  55 3008 A
  55 2956 A
  55 2704 A
  55 2499 A
  55 2433 A
  55 2423 A
  55 2238 A
  55 2227 A
  55 201 A
  55 1034 A
  55 1016 A
  55 101 A
  54 9 A
  54 667 A
  54 522 A
  54 5030 A
  54 4987 A
  54 4958 A
  54 4893 A
  54 4779 A
  54 457 A
  54 4565 A
  54 4506 A
  54 4426 A
  54 4023 A
  54 4 A
  54 2776 A
  54 2653 A
  54 263 A
  54 2512 A
  54 2388 A
  54 2346 A
  54 2323 A
  54 2320 A
  54 2319 A
  54 2277 A
  54 2264 A
  54 2121 A
  54 117 A
  54 1036 A
  53 7 A
  53 643 A
  53 539 A
  53 528 A
  53 4763 A
  53 4744 A
  53 4530 A
  53 4439 A
  53 4352 A
  53 4345 A
  53 4322 A
  53 4239 A
  53 4223 A
  53 4182 A
  53 4077 A
  53 349 A
  53 320 A
  53 3013 A
  53 2993 A
  53 2984 A
  53 297 A
  53 2899 A
  53 2828 A
  53 2727 A
  53 2654 A
  53 2635 A
  53 2508 A
  53 2426 A
  53 2202 A
  53 2037 A
  53 1013 A
  53 1001 A
  52 899 A
  52 846 A
  52 793 A
  52 781 A
  52 687 A
  52 588 A
  52 582 A
  52 558 A
  52 556 A
  52 543 A
  52 542 A
  52 506 A
  52 4804 A
  52 4715 A
  52 464 A
  52 4567 A
  52 4543 A
  52 4461 A
  52 4370 A
  52 4201 A
  52 353 A
  52 2915 A
  52 2886 A
  52 2582 A
  52 2534 A
  52 2424 A
  52 2362 A
  52 2328 A
  52 2242 A
  52 2231 A
  52 2201 A
  52 1008 A
  51 873 A
  51 848 A
  51 763 A
  51 704 A
  51 4922 A
  51 4810 A
  51 4513 A
  51 4386 A
  51 4100 A
  51 4007 A
  51 4001 A
  51 370 A
  51 2950 A
  51 2846 A
  51 2745 A
  51 2604 A
  51 2537 A
  51 2510 A
  51 2440 A
  51 2353 A
  51 2124 A
  51 202 A
  51 123 A
  50 856 A
  50 720 A
  50 546 A
  50 4969 A
  50 4854 A
  50 4429 A
  50 4356 A
  50 4224 A
  50 2712 A
  50 2661 A
  50 2495 A
  50 2461 A
  50 2437 A
  50 2271 A
  50 2022 A
  50 2004 A
  50 1032 A
  49 877 A
  49 745 A
  49 674 A
  49 652 A
  49 593 A
  49 559 A
  49 540 A
  49 537 A
  49 5032 A
  49 5012 A
  49 4984 A
  49 4956 A
  49 4892 A
  49 4821 A
  49 4786 A
  49 4637 A
  49 4607 A
  49 4539 A
  49 4501 A
  49 4428 A
  49 4022 A
  49 321 A
  49 2842 A
  49 2804 A
  49 2764 A
  49 2709 A
  49 2701 A
  49 2549 A
  49 2539 A
  49 2460 A
  49 2055 A
  48 786 A
  48 741 A
  48 671 A
  48 605 A
  48 4845 A
  48 4717 A
  48 4654 A
  48 4537 A
  48 4496 A
  48 4425 A
  48 441 A
  48 4321 A
  48 4294 A
  48 4281 A
  48 4231 A
  48 2969 A
  48 2741 A
  48 2523 A
  48 2370 A
  48 2324 A
  48 231 A
  48 2209 A
  48 1044 A
  47 917 A
  47 865 A
  47 727 A
  47 599 A
  47 557 A
  47 4995 A
  47 4988 A
  47 4832 A
  47 4781 A
  47 4713 A
  47 4603 A
  47 4557 A
  47 4541 A
  47 3017 A
  47 2998 A
  47 2636 A
  47 2239 A
  47 2225 A
  47 2182 A
  47 2010 A
  47 121 A
  46 915 A
  46 910 A
  46 76 A
  46 602 A
  46 4902 A
  46 4899 A
  46 4727 A
  46 443 A
  46 4362 A
  46 4357 A
  46 4251 A
  46 4238 A
  46 4037 A
  46 361 A
  46 335 A
  46 309 A
  46 295 A
  46 2902 A
  46 2858 A
  46 2731 A
  46 2533 A
  46 2435 A
  46 2429 A
  46 2240 A
  46 2172 A
  46 2009 A
  46 1009 A
  45 980 A
  45 851 A
  45 841 A
  45 743 A
  45 721 A
  45 713 A
  45 585 A
  45 532 A
  45 514 A
  45 4950 A
  45 4915 A
  45 4891 A
  45 4858 A
  45 4842 A
  45 4795 A
  45 4604 A
  45 4599 A
  45 4538 A
  45 435 A
  45 384 A
  45 380 A
  45 356 A
  45 2917 A
  45 2831 A
  45 2793 A
  45 2786 A
  45 271 A
  45 2655 A
  45 2498 A
  45 2363 A
  45 2302 A
  45 2237 A
  45 161 A
  44 947 A
  44 902 A
  44 584 A
  44 551 A
  44 4846 A
  44 4514 A
  44 4495 A
  44 4437 A
  44 4435 A
  44 421 A
  44 385 A
  44 3020 A
  44 3009 A
  44 2991 A
  44 2966 A
  44 2855 A
  44 2837 A
  44 2781 A
  44 2687 A
  44 2648 A
  44 2369 A
  44 2357 A
  44 2251 A
  44 2118 A
  44 2116 A
  44 190 A
  44 171 A
  43 952 A
  43 924 A
  43 911 A
  43 607 A
  43 4990 A
  43 494 A
  43 4916 A
  43 4873 A
  43 4836 A
  43 4758 A
  43 4533 A
  43 4325 A
  43 4320 A
  43 4157 A
  43 4125 A
  43 4032 A
  43 325 A
  43 2851 A
  43 281 A
  43 2583 A
  43 2144 A
  43 1005 A
  43 100 A
  42 891 A
  42 679 A
  42 666 A
  42 632 A
  42 5008 A
  42 4951 A
  42 4741 A
  42 4706 A
  42 4578 A
  42 4519 A
  42 4354 A
  42 433 A
  42 4190 A
  42 2980 A
  42 2891 A
  42 2639 A
  42 2608 A
  42 2542 A
  42 2532 A
  42 2373 A
  42 2326 A
  42 187 A
  42 119 A
  42 10 A
  41 988 A
  41 635 A
  41 534 A
  41 515 A
  41 513 A
  41 5009 A
  41 4953 A
  41 4849 A
  41 4816 A
  41 4424 A
  41 4423 A
  41 4278 A
  41 4264 A
  41 4144 A
  41 4009 A
  41 388 A
  41 2987 A
  41 2841 A
  41 2748 A
  41 2553 A
  41 2469 A
  41 2447 A
  41 2441 A
  41 2303 A
  41 2281 A
  41 2076 A
  41 144 A
  41 118 A
  41 1030 A
  41 1028 A
  40 893 A
  40 799 A
  40 777 A
  40 637 A
  40 530 A
  40 519 A
  40 4961 A
  40 4632 A
  40 4385 A
  40 4366 A
  40 4300 A
  40 374 A
  40 2994 A
  40 2812 A
  40 264 A
  40 2496 A
  40 2073 A
  39 997 A
  39 983 A
  39 705 A
  39 4957 A
  39 4877 A
  39 4799 A
  39 4556 A
  39 4499 A
  39 4427 A
  39 4098 A
  39 3 A
  39 2947 A
  39 2733 A
  39 2728 A
  39 2652 A
  39 238 A
  39 2330 A
  39 2247 A
  39 209 A
  39 2041 A
  38 5017 A
  38 4966 A
  38 4546 A
  38 4542 A
  38 4443 A
  38 4209 A
  38 4102 A
  38 4011 A
  38 357 A
  38 348 A
  38 2911 A
  38 2743 A
  38 2642 A
  38 2637 A
  38 2465 A
  38 2443 A
  38 2356 A
  38 2350 A
  38 2339 A
  38 2313 A
  38 2165 A
  38 2117 A
  38 2039 A
  38 1042 A
  38 102 A
  37 731 A
  37 663 A
  37 549 A
  37 548 A
  37 4894 A
  37 4856 A
  37 4759 A
  37 4743 A
  37 4605 A
  37 4534 A
  37 4532 A
  37 4384 A
  37 366 A
  37 331 A
  37 2928 A
  37 2892 A
  37 2848 A
  37 2528 A
  37 2494 A
  37 2366 A
  37 2038 A
  37 1 A
  36 998 A
  36 748 A
  36 555 A
  36 553 A
  36 535 A
  36 5013 A
  36 5005 A
  36 4965 A
  36 4896 A
  36 4793 A
  36 4528 A
  36 4440 A
  36 444 A
  36 4433 A
  36 4380 A
  36 4161 A
  36 4002 A
  36 2726 A
  36 2575 A
  36 2384 A
  36 2348 A
  35 994 A
  35 959 A
  35 892 A
  35 719 A
  35 701 A
  35 669 A
  35 511 A
  35 4959 A
  35 4911 A
  35 4855 A
  35 4568 A
  35 4527 A
  35 4388 A
  35 4363 A
  35 4348 A
  35 4275 A
  35 4206 A
  35 4010 A
  35 352 A
  35 2995 A
  35 2990 A
  35 2799 A
  35 2679 A
  35 2590 A
  35 250 A
  35 2467 A
  35 2385 A
  35 2261 A
  35 2260 A
  35 2100 A
  35 2040 A
  35 2036 A
  35 2002 A
  35 18 A
  35 1017 A
  34 733 A
  34 5016 A
  34 4999 A
  34 4852 A
  34 4796 A
  34 4757 A
  34 4748 A
  34 4705 A
  34 4701 A
  34 4663 A
  34 4652 A
  34 4602 A
  34 4583 A
  34 4561 A
  34 4341 A
  34 4337 A
  34 4210 A
  34 4198 A
  34 4097 A
  34 360 A
  34 2988 A
  34 2983 A
  34 2951 A
  34 2779 A
  34 2763 A
  34 2713 A
  34 2595 A
  34 2538 A
  34 2511 A
  34 2500 A
  33 976 A
  33 970 A
  33 916 A
  33 876 A
  33 497 A
  33 4850 A
  33 447 A
  33 438 A
  33 4372 A
  33 4343 A
  33 4250 A
  33 418 A
  33 2736 A
  33 2102 A
  33 2005 A
  32 859 A
  32 728 A
  32 634 A
  32 4876 A
  32 4859 A
  32 4801 A
  32 4726 A
  32 4584 A
  32 4535 A
  32 4517 A
  32 4422 A
  32 4369 A
  32 344 A
  32 2894 A
  32 2656 A
  32 2422 A
  32 2272 A
  32 2266 A
  32 2212 A
  32 2119 A
  32 2101 A
  32 210 A
  31 950 A
  31 812 A
  31 578 A
  31 517 A
  31 4577 A
  31 4330 A
  31 4271 A
  31 330 A
  31 3005 A
  31 3002 A
  31 2856 A
  31 2847 A
  31 2646 A
  31 2631 A
  31 2602 A
  31 2567 A
  31 2513 A
  31 2427 A
  31 2354 A
  31 2279 A
  31 2206 A
  31 2190 A
  31 2075 A
  31 156 A
  31 1015 A
  30 843 A
  30 648 A
  30 59 A
  30 524 A
  30 5020 A
  30 4838 A
  30 4500 A
  30 4266 A
  30 39 A
  30 382 A
  30 2905 A
  30 2843 A
  30 2605 A
  30 26 A
  30 2506 A
  30 247 A
  30 2246 A
  30 2232 A
  30 2167 A
  30 2156 A
  30 2006 A
  30 169 A
  29 960 A
  29 759 A
  29 665 A
  29 577 A
  29 567 A
  29 523 A
  29 5000 A
  29 4851 A
  29 4843 A
  29 4813 A
  29 4631 A
  29 4564 A
  29 4468 A
  29 4389 A
  29 4376 A
  29 4328 A
  29 4323 A
  29 4260 A
  29 4189 A
  29 4071 A
  29 4050 A
  29 381 A
  29 323 A
  29 3015 A
  29 2249 A
  29 2198 A
  29 206 A
  29 2032 A
  29 1020 A
  28 905 A
  28 883 A
  28 776 A
  28 4947 A
  28 4776 A
  28 4531 A
  28 4498 A
  28 4324 A
  28 4232 A
  28 389 A
  28 324 A
  28 2963 A
  28 2670 A
  28 266 A
  28 2211 A
  28 2011 A
  28 1002 A
  27 954 A
  27 903 A
  27 646 A
  27 631 A
  27 5028 A
  27 4608 A
  27 4332 A
  27 4143 A
  27 369 A
  27 2923 A
  27 2780 A
  27 2706 A
  27 2698 A
  27 2559 A
  27 2380 A
  27 2327 A
  27 2213 A
  27 2189 A
  26 999 A
  26 890 A
  26 706 A
  26 668 A
  26 4870 A
  26 4549 A
  26 4204 A
  26 4106 A
  26 354 A
  26 3001 A
  26 2883 A
  26 2643 A
  26 261 A
  26 2531 A
  26 2527 A
  26 2421 A
  26 2343 A
  26 2236 A
  26 2223 A
  26 198 A
  26 143 A
  25 545 A
  25 4630 A
  25 4523 A
  25 4390 A
  25 4053 A
  25 36 A
  25 337 A
  25 2976 A
  25 2903 A
  25 2606 A
  25 260 A
  25 2516 A
  25 246 A
  25 2438 A
  25 2344 A
  25 131 A
  24 760 A
  24 6 A
  24 4960 A
  24 4562 A
  24 4344 A
  24 420 A
  24 4096 A
  24 376 A
  24 2896 A
  24 2876 A
  24 2545 A
  24 2389 A
  24 2374 A
  24 2358 A
  24 2265 A
  24 2131 A
  24 1010 A
  23 979 A
  23 4447 A
  23 4261 A
  23 4156 A
  23 390 A
  23 3010 A
  23 2997 A
  23 2979 A
  23 2520 A
  23 2390 A
  23 2365 A
  23 2235 A
  23 222 A
  23 2162 A
  23 212 A
  23 2115 A
  23 2 A
  23 11 A
  22 896 A
  22 894 A
  22 758 A
  22 608 A
  22 527 A
  22 4890 A
  22 479 A
  22 463 A
  22 4494 A
  22 4457 A
  22 4438 A
  22 4434 A
  22 4360 A
  22 4240 A
  22 41 A
  22 328 A
  22 2859 A
  22 2535 A
  22 2049 A
  22 2016 A
  21 780 A
  21 698 A
  21 630 A
  21 583 A
  21 4903 A
  21 4897 A
  21 4789 A
  21 4729 A
  21 4595 A
  21 4070 A
  21 4005 A
  21 3021 A
  21 3019 A
  21 265 A
  21 2454 A
  21 2430 A
  21 2376 A
  21 2224 A
  21 2203 A
  21 213 A
  21 2018 A
  20 516 A
  20 5021 A
  20 4848 A
  20 4760 A
  20 4747 A
  20 4594 A
  20 4213 A
  20 4187 A
  20 395 A
  20 2931 A
  20 2729 A
  20 2630 A
  20 2059 A
  20 189 A
  19 4983 A
  19 4980 A
  19 4923 A
  19 4777 A
  19 4454 A
  19 4303 A
  19 4247 A
  19 2992 A
  19 2890 A
  19 2813 A
  19 279 A
  19 2613 A
  19 2483 A
  19 2457 A
  19 240 A
  19 2214 A
  19 211 A
  19 204 A
  19 16 A
  18 957 A
  18 912 A
  18 906 A
  18 726 A
  18 595 A
  18 594 A
  18 520 A
  18 4841 A
  18 480 A
  18 469 A
  18 434 A
  18 4265 A
  18 4154 A
  18 4006 A
  18 358 A
  18 343 A
  18 2916 A
  18 2912 A
  18 2865 A
  18 2651 A
  18 2594 A
  18 2446 A
  18 2434 A
  18 2361 A
  18 2360 A
  18 2332 A
  18 2215 A
  18 2204 A
  18 106 A
  17 847 A
  17 531 A
  17 5002 A
  17 49 A
  17 4898 A
  17 475 A
  17 454 A
  17 446 A
  17 4421 A
  17 4374 A
  17 4361 A
  17 4336 A
  17 4326 A
  17 4056 A
  17 3027 A
  17 2897 A
  17 2814 A
  17 2497 A
  17 2479 A
  17 2276 A
  17 2163 A
  17 203 A
  17 2026 A
  17 1019 A
  16 995 A
  16 863 A
  16 736 A
  16 4924 A
  16 4869 A
  16 4819 A
  16 4651 A
  16 4570 A
  16 4545 A
  16 4524 A
  16 445 A
  16 4441 A
  16 4395 A
  16 294 A
  16 286 A
  16 2759 A
  16 2663 A
  16 2517 A
  16 2486 A
  16 2450 A
  16 237 A
  16 235 A
  16 2159 A
  16 214 A
  16 1027 A
  16 1021 A
  15 789 A
  15 4883 A
  15 4866 A
  15 482 A
  15 4767 A
  15 476 A
  15 4736 A
  15 4698 A
  15 450 A
  15 4497 A
  15 4383 A
  15 4249 A
  15 4212 A
  15 4203 A
  15 347 A
  15 33 A
  15 326 A
  15 3014 A
  15 2647 A
  15 2644 A
  15 2514 A
  15 2464 A
  15 2463 A
  15 2310 A
  15 2015 A
  15 15 A
  14 897 A
  14 767 A
  14 568 A
  14 5010 A
  14 486 A
  14 483 A
  14 4450 A
  14 4430 A
  14 4172 A
  14 4078 A
  14 4069 A
  14 4036 A
  14 40 A
  14 3028 A
  14 2999 A
  14 2913 A
  14 2906 A
  14 2617 A
  14 2480 A
  14 2472 A
  14 236 A
  14 232 A
  14 154 A
  13 801 A
  13 75 A
  13 729 A
  13 606 A
  13 4970 A
  13 4721 A
  13 4553 A
  13 4492 A
  13 4486 A
  13 4483 A
  13 4480 A
  13 4479 A
  13 4475 A
  13 4398 A
  13 4277 A
  13 4169 A
  13 4018 A
  13 2801 A
  13 2478 A
  13 2444 A
  13 115 A
  13 1029 A
  12 651 A
  12 570 A
  12 4996 A
  12 4847 A
  12 478 A
  12 4644 A
  12 4606 A
  12 4455 A
  12 4347 A
  12 4299 A
  12 4235 A
  12 4049 A
  12 303 A
  12 3000 A
  12 2972 A
  12 2619 A
  12 2573 A
  12 2571 A
  12 2487 A
  12 2462 A
  12 2451 A
  12 2383 A
  12 2381 A
  11 887 A
  11 840 A
  11 747 A
  11 647 A
  11 5029 A
  11 472 A
  11 4685 A
  11 4472 A
  11 4262 A
  11 4237 A
  11 4211 A
  11 4184 A
  11 4067 A
  11 332 A
  11 310 A
  11 2989 A
  11 2981 A
  11 2975 A
  11 2932 A
  11 2887 A
  11 2747 A
  11 2568 A
  11 249 A
  11 2475 A
  11 2371 A
  11 2333 A
  11 2173 A
  11 2166 A
  11 2106 A
  11 2019 A
  10 972 A
  10 613 A
  10 4989 A
  10 4906 A
  10 4905 A
  10 4887 A
  10 4840 A
  10 4752 A
  10 4751 A
  10 4516 A
  10 4482 A
  10 4451 A
  10 4382 A
  10 2935 A
  10 2909 A
  10 2840 A
  10 2524 A
  10 2491 A
  10 2482 A
  10 2455 A
  10 2364 A
  10 2306 A
  10 2133 A
  10 19 A
  10 1006 A
   9 977 A
   9 923 A
   9 5006 A
   9 4912 A
   9 4837 A
   9 4780 A
   9 4613 A
   9 4471 A
   9 4381 A
   9 4310 A
   9 4286 A
   9 4015 A
   9 383 A
   9 372 A
   9 336 A
   9 327 A
   9 306 A
   9 3029 A
   9 272 A
   9 2493 A
   9 2476 A
   9 2452 A
   9 2382 A
   9 2286 A
   9 160 A
   8 953 A
   8 948 A
   8 909 A
   8 757 A
   8 598 A
   8 5027 A
   8 5019 A
   8 5 A
   8 4963 A
   8 4761 A
   8 4756 A
   8 4587 A
   8 4444 A
   8 4122 A
   8 4026 A
   8 4016 A
   8 378 A
   8 359 A
   8 2904 A
   8 2775 A
   8 2760 A
   8 2695 A
   8 2686 A
   8 2378 A
   8 2336 A
   8 2299 A
   8 2199 A
   8 2154 A
   8 2060 A
   8 2035 A
   8 199 A
   8 168 A
   7 981 A
   7 967 A
   7 72 A
   7 644 A
   7 609 A
   7 590 A
   7 58 A
   7 571 A
   7 5004 A
   7 4884 A
   7 4667 A
   7 4623 A
   7 4491 A
   7 448 A
   7 4478 A
   7 4358 A
   7 4327 A
   7 4313 A
   7 4306 A
   7 4236 A
   7 4214 A
   7 4123 A
   7 4033 A
   7 313 A
   7 3011 A
   7 2982 A
   7 2977 A
   7 2952 A
   7 277 A
   7 2702 A
   7 2570 A
   7 2262 A
   7 2053 A
   7 184 A
   6 989 A
   6 975 A
   6 963 A
   6 94 A
   6 935 A
   6 813 A
   6 761 A
   6 695 A
   6 5015 A
   6 4928 A
   6 4762 A
   6 471 A
   6 4590 A
   6 4493 A
   6 4476 A
   6 4453 A
   6 4418 A
   6 430 A
   6 4199 A
   6 4119 A
   6 4041 A
   6 2985 A
   6 2967 A
   6 2900 A
   6 2816 A
   6 2815 A
   6 2448 A
   6 2347 A
   6 2293 A
   6 2207 A
   6 2014 A
   5 762 A
   5 63 A
   5 60 A
   5 587 A
   5 569 A
   5 4976 A
   5 4972 A
   5 4909 A
   5 487 A
   5 4831 A
   5 4702 A
   5 4695 A
   5 4598 A
   5 4569 A
   5 4520 A
   5 4446 A
   5 4420 A
   5 4276 A
   5 4246 A
   5 4215 A
   5 419 A
   5 4051 A
   5 4019 A
   5 4014 A
   5 3004 A
   5 2880 A
   5 2862 A
   5 2762 A
   5 2761 A
   5 2598 A
   5 2587 A
   5 2569 A
   5 2420 A
   5 2417 A
   5 2274 A
   5 2222 A
   5 2103 A
   5 2077 A
   5 2058 A
   5 1025 A
   4 931 A
   4 928 A
   4 880 A
   4 823 A
   4 820 A
   4 775 A
   4 686 A
   4 4791 A
   4 466 A
   4 4571 A
   4 4465 A
   4 4379 A
   4 4378 A
   4 4365 A
   4 4355 A
   4 4351 A
   4 4274 A
   4 4222 A
   4 4207 A
   4 417 A
   4 4054 A
   4 379 A
   4 2768 A
   4 276 A
   4 2758 A
   4 2746 A
   4 2591 A
   4 2492 A
   4 2477 A
   4 2466 A
   4 2442 A
   4 2367 A
   4 2359 A
   4 2340 A
   4 2143 A
   4 138 A
   4 1014 A
   4 1011 A
   4 1000 A
   3 860 A
   3 819 A
   3 77 A
   3 702 A
   3 591 A
   3 4952 A
   3 493 A
   3 4824 A
   3 4817 A
   3 4775 A
   3 473 A
   3 4720 A
   3 4591 A
   3 452 A
   3 451 A
   3 4469 A
   3 4456 A
   3 442 A
   3 4371 A
   3 431 A
   3 4168 A
   3 415 A
   3 371 A
   3 364 A
   3 351 A
   3 3025 A
   3 3018 A
   3 3006 A
   3 2929 A
   3 2927 A
   3 2898 A
   3 2823 A
   3 2820 A
   3 2769 A
   3 2757 A
   3 2685 A
   3 2672 A
   3 2418 A
   3 2398 A
   3 2372 A
   3 2042 A
   3 200 A
   3 1018 A
   3 1004 A
   2 996 A
   2 985 A
   2 907 A
   2 904 A
   2 900 A
   2 898 A
   2 829 A
   2 816 A
   2 752 A
   2 680 A
   2 670 A
   2 623 A
   2 492 A
   2 484 A
   2 477 A
   2 4749 A
   2 4678 A
   2 467 A
   2 4647 A
   2 4487 A
   2 4477 A
   2 4364 A
   2 4333 A
   2 4279 A
   2 4272 A
   2 4165 A
   2 4160 A
   2 4103 A
   2 4039 A
   2 4038 A
   2 398 A
   2 299 A
   2 2907 A
   2 2863 A
   2 2616 A
   2 2219 A
   2 215 A
   2 207 A
   2 2063 A
   2 2056 A
   2 2033 A
   2 14 A
   2 1024 A
   1 927 A
   1 889 A
   1 888 A
   1 861 A
   1 828 A
   1 769 A
   1 756 A
   1 751 A
   1 750 A
   1 575 A
   1 53 A
   1 5018 A
   1 5011 A
   1 4979 A
   1 4977 A
   1 4967 A
   1 4948 A
   1 4931 A
   1 491 A
   1 4888 A
   1 4863 A
   1 4830 A
   1 4825 A
   1 4814 A
   1 4772 A
   1 4770 A
   1 4746 A
   1 4679 A
   1 4611 A
   1 4563 A
   1 449 A
   1 4464 A
   1 4442 A
   1 4419 A
   1 4417 A
   1 4391 A
   1 4340 A
   1 4293 A
   1 4219 A
   1 4216 A
   1 4200 A
   1 4188 A
   1 4155 A
   1 4126 A
   1 4118 A
   1 4094 A
   1 4035 A
   1 355 A
   1 329 A
   1 2996 A
   1 2986 A
   1 2970 A
   1 2949 A
   1 2946 A
   1 2888 A
   1 2884 A
   1 2826 A
   1 2819 A
   1 2818 A
   1 2789 A
   1 2752 A
   1 2680 A
   1 2671 A
   1 2626 A
   1 2624 A
   1 262 A
   1 2488 A
   1 2484 A
   1 2431 A
   1 2395 A
   1 2391 A
   1 2379 A
   1 2351 A
   1 2329 A
   1 2200 A
   1 2132 A
   1 193 A
   1 165 A
   1 140 A
   1 139 A
   1 113 A
   1 103 A
